[2017-04-16T14:43:09,464][INFO ][o.e.n.Node               ] [] initializing ...
[2017-04-16T14:43:09,557][INFO ][o.e.e.NodeEnvironment    ] [bpnS1Lg] using [1] data paths, mounts [[/home/eub (/home/eub/.Private)]], net usable_space [56.6gb], net total_space [112.9gb], spins? [possibly], types [ecryptfs]
[2017-04-16T14:43:09,558][INFO ][o.e.e.NodeEnvironment    ] [bpnS1Lg] heap size [1.9gb], compressed ordinary object pointers [true]
[2017-04-16T14:43:09,559][INFO ][o.e.n.Node               ] node name [bpnS1Lg] derived from node ID [bpnS1LgUS8yxCisZoaSSrA]; set [node.name] to override
[2017-04-16T14:43:09,560][INFO ][o.e.n.Node               ] version[5.3.0], pid[6077], build[3adb13b/2017-03-23T03:31:50.652Z], OS[Linux/4.8.0-46-generic/amd64], JVM[Oracle Corporation/Java HotSpot(TM) 64-Bit Server VM/1.8.0_121/25.121-b13]
[2017-04-16T14:43:10,652][INFO ][o.e.p.PluginsService     ] [bpnS1Lg] loaded module [aggs-matrix-stats]
[2017-04-16T14:43:10,653][INFO ][o.e.p.PluginsService     ] [bpnS1Lg] loaded module [ingest-common]
[2017-04-16T14:43:10,654][INFO ][o.e.p.PluginsService     ] [bpnS1Lg] loaded module [lang-expression]
[2017-04-16T14:43:10,654][INFO ][o.e.p.PluginsService     ] [bpnS1Lg] loaded module [lang-groovy]
[2017-04-16T14:43:10,655][INFO ][o.e.p.PluginsService     ] [bpnS1Lg] loaded module [lang-mustache]
[2017-04-16T14:43:10,655][INFO ][o.e.p.PluginsService     ] [bpnS1Lg] loaded module [lang-painless]
[2017-04-16T14:43:10,655][INFO ][o.e.p.PluginsService     ] [bpnS1Lg] loaded module [percolator]
[2017-04-16T14:43:10,656][INFO ][o.e.p.PluginsService     ] [bpnS1Lg] loaded module [reindex]
[2017-04-16T14:43:10,656][INFO ][o.e.p.PluginsService     ] [bpnS1Lg] loaded module [transport-netty3]
[2017-04-16T14:43:10,657][INFO ][o.e.p.PluginsService     ] [bpnS1Lg] loaded module [transport-netty4]
[2017-04-16T14:43:10,657][INFO ][o.e.p.PluginsService     ] [bpnS1Lg] no plugins loaded
[2017-04-16T14:43:13,966][INFO ][o.e.n.Node               ] initialized
[2017-04-16T14:43:13,967][INFO ][o.e.n.Node               ] [bpnS1Lg] starting ...
[2017-04-16T14:43:14,338][INFO ][o.e.t.TransportService   ] [bpnS1Lg] publish_address {127.0.0.1:9300}, bound_addresses {[::1]:9300}, {127.0.0.1:9300}
[2017-04-16T14:43:14,351][WARN ][o.e.b.BootstrapChecks    ] [bpnS1Lg] max virtual memory areas vm.max_map_count [65530] is too low, increase to at least [262144]
[2017-04-16T14:43:17,458][INFO ][o.e.c.s.ClusterService   ] [bpnS1Lg] new_master {bpnS1Lg}{bpnS1LgUS8yxCisZoaSSrA}{5J8QvX2_ThajuL9b4jeLHA}{127.0.0.1}{127.0.0.1:9300}, reason: zen-disco-elected-as-master ([0] nodes joined)
[2017-04-16T14:43:17,509][INFO ][o.e.g.GatewayService     ] [bpnS1Lg] recovered [0] indices into cluster_state
[2017-04-16T14:43:17,512][INFO ][o.e.h.n.Netty4HttpServerTransport] [bpnS1Lg] publish_address {127.0.0.1:9200}, bound_addresses {[::1]:9200}, {127.0.0.1:9200}
[2017-04-16T14:43:17,515][INFO ][o.e.n.Node               ] [bpnS1Lg] started
[2017-04-16T14:43:55,761][INFO ][o.e.n.Node               ] [bpnS1Lg] stopping ...
[2017-04-16T14:43:55,781][INFO ][o.e.n.Node               ] [bpnS1Lg] stopped
[2017-04-16T14:43:55,781][INFO ][o.e.n.Node               ] [bpnS1Lg] closing ...
[2017-04-16T14:43:55,798][INFO ][o.e.n.Node               ] [bpnS1Lg] closed
[2017-04-16T17:39:10,014][INFO ][o.e.n.Node               ] [] initializing ...
[2017-04-16T17:39:10,118][INFO ][o.e.e.NodeEnvironment    ] [bpnS1Lg] using [1] data paths, mounts [[/home/eub (/home/eub/.Private)]], net usable_space [56.1gb], net total_space [112.9gb], spins? [possibly], types [ecryptfs]
[2017-04-16T17:39:10,118][INFO ][o.e.e.NodeEnvironment    ] [bpnS1Lg] heap size [1.9gb], compressed ordinary object pointers [true]
[2017-04-16T17:39:10,135][INFO ][o.e.n.Node               ] node name [bpnS1Lg] derived from node ID [bpnS1LgUS8yxCisZoaSSrA]; set [node.name] to override
[2017-04-16T17:39:10,136][INFO ][o.e.n.Node               ] version[5.3.0], pid[3814], build[3adb13b/2017-03-23T03:31:50.652Z], OS[Linux/4.8.0-46-generic/amd64], JVM[Oracle Corporation/Java HotSpot(TM) 64-Bit Server VM/1.8.0_121/25.121-b13]
[2017-04-16T17:39:11,135][INFO ][o.e.p.PluginsService     ] [bpnS1Lg] loaded module [aggs-matrix-stats]
[2017-04-16T17:39:11,135][INFO ][o.e.p.PluginsService     ] [bpnS1Lg] loaded module [ingest-common]
[2017-04-16T17:39:11,135][INFO ][o.e.p.PluginsService     ] [bpnS1Lg] loaded module [lang-expression]
[2017-04-16T17:39:11,136][INFO ][o.e.p.PluginsService     ] [bpnS1Lg] loaded module [lang-groovy]
[2017-04-16T17:39:11,136][INFO ][o.e.p.PluginsService     ] [bpnS1Lg] loaded module [lang-mustache]
[2017-04-16T17:39:11,136][INFO ][o.e.p.PluginsService     ] [bpnS1Lg] loaded module [lang-painless]
[2017-04-16T17:39:11,136][INFO ][o.e.p.PluginsService     ] [bpnS1Lg] loaded module [percolator]
[2017-04-16T17:39:11,136][INFO ][o.e.p.PluginsService     ] [bpnS1Lg] loaded module [reindex]
[2017-04-16T17:39:11,137][INFO ][o.e.p.PluginsService     ] [bpnS1Lg] loaded module [transport-netty3]
[2017-04-16T17:39:11,137][INFO ][o.e.p.PluginsService     ] [bpnS1Lg] loaded module [transport-netty4]
[2017-04-16T17:39:11,137][INFO ][o.e.p.PluginsService     ] [bpnS1Lg] no plugins loaded
[2017-04-16T17:39:13,838][INFO ][o.e.n.Node               ] initialized
[2017-04-16T17:39:13,838][INFO ][o.e.n.Node               ] [bpnS1Lg] starting ...
[2017-04-16T17:39:14,057][INFO ][o.e.t.TransportService   ] [bpnS1Lg] publish_address {127.0.0.1:9300}, bound_addresses {[::1]:9300}, {127.0.0.1:9300}
[2017-04-16T17:39:14,068][WARN ][o.e.b.BootstrapChecks    ] [bpnS1Lg] max virtual memory areas vm.max_map_count [65530] is too low, increase to at least [262144]
[2017-04-16T17:39:17,131][INFO ][o.e.c.s.ClusterService   ] [bpnS1Lg] new_master {bpnS1Lg}{bpnS1LgUS8yxCisZoaSSrA}{SktfyN5KRVa1G558w_lRRQ}{127.0.0.1}{127.0.0.1:9300}, reason: zen-disco-elected-as-master ([0] nodes joined)
[2017-04-16T17:39:17,174][INFO ][o.e.h.n.Netty4HttpServerTransport] [bpnS1Lg] publish_address {127.0.0.1:9200}, bound_addresses {[::1]:9200}, {127.0.0.1:9200}
[2017-04-16T17:39:17,178][INFO ][o.e.n.Node               ] [bpnS1Lg] started
[2017-04-16T17:39:17,405][INFO ][o.e.g.GatewayService     ] [bpnS1Lg] recovered [1] indices into cluster_state
[2017-04-16T17:39:17,732][INFO ][o.e.c.r.a.AllocationService] [bpnS1Lg] Cluster health status changed from [RED] to [YELLOW] (reason: [shards started [[customer][2]] ...]).
[2017-04-16T19:48:50,216][INFO ][o.e.n.Node               ] [bpnS1Lg] stopping ...
[2017-04-16T19:48:50,335][INFO ][o.e.n.Node               ] [bpnS1Lg] stopped
[2017-04-16T19:48:50,336][INFO ][o.e.n.Node               ] [bpnS1Lg] closing ...
[2017-04-16T19:48:50,351][INFO ][o.e.n.Node               ] [bpnS1Lg] closed
[2017-04-16T19:50:01,069][INFO ][o.e.n.Node               ] [] initializing ...
[2017-04-16T19:50:02,392][INFO ][o.e.e.NodeEnvironment    ] [bpnS1Lg] using [1] data paths, mounts [[/home/eub (/home/eub/.Private)]], net usable_space [55.3gb], net total_space [112.9gb], spins? [possibly], types [ecryptfs]
[2017-04-16T19:50:02,393][INFO ][o.e.e.NodeEnvironment    ] [bpnS1Lg] heap size [1.9gb], compressed ordinary object pointers [true]
[2017-04-16T19:50:02,437][INFO ][o.e.n.Node               ] node name [bpnS1Lg] derived from node ID [bpnS1LgUS8yxCisZoaSSrA]; set [node.name] to override
[2017-04-16T19:50:02,437][INFO ][o.e.n.Node               ] version[5.3.0], pid[3234], build[3adb13b/2017-03-23T03:31:50.652Z], OS[Linux/4.8.0-46-generic/amd64], JVM[Oracle Corporation/Java HotSpot(TM) 64-Bit Server VM/1.8.0_121/25.121-b13]
[2017-04-16T19:50:05,089][INFO ][o.e.p.PluginsService     ] [bpnS1Lg] loaded module [aggs-matrix-stats]
[2017-04-16T19:50:05,092][INFO ][o.e.p.PluginsService     ] [bpnS1Lg] loaded module [ingest-common]
[2017-04-16T19:50:05,093][INFO ][o.e.p.PluginsService     ] [bpnS1Lg] loaded module [lang-expression]
[2017-04-16T19:50:05,093][INFO ][o.e.p.PluginsService     ] [bpnS1Lg] loaded module [lang-groovy]
[2017-04-16T19:50:05,093][INFO ][o.e.p.PluginsService     ] [bpnS1Lg] loaded module [lang-mustache]
[2017-04-16T19:50:05,093][INFO ][o.e.p.PluginsService     ] [bpnS1Lg] loaded module [lang-painless]
[2017-04-16T19:50:05,094][INFO ][o.e.p.PluginsService     ] [bpnS1Lg] loaded module [percolator]
[2017-04-16T19:50:05,097][INFO ][o.e.p.PluginsService     ] [bpnS1Lg] loaded module [reindex]
[2017-04-16T19:50:05,107][INFO ][o.e.p.PluginsService     ] [bpnS1Lg] loaded module [transport-netty3]
[2017-04-16T19:50:05,108][INFO ][o.e.p.PluginsService     ] [bpnS1Lg] loaded module [transport-netty4]
[2017-04-16T19:50:05,110][INFO ][o.e.p.PluginsService     ] [bpnS1Lg] no plugins loaded
[2017-04-16T19:50:12,418][INFO ][o.e.n.Node               ] initialized
[2017-04-16T19:50:12,418][INFO ][o.e.n.Node               ] [bpnS1Lg] starting ...
[2017-04-16T19:50:12,855][INFO ][o.e.t.TransportService   ] [bpnS1Lg] publish_address {127.0.0.1:9300}, bound_addresses {[::1]:9300}, {127.0.0.1:9300}
[2017-04-16T19:50:12,874][WARN ][o.e.b.BootstrapChecks    ] [bpnS1Lg] max virtual memory areas vm.max_map_count [65530] is too low, increase to at least [262144]
[2017-04-16T19:50:16,024][INFO ][o.e.c.s.ClusterService   ] [bpnS1Lg] new_master {bpnS1Lg}{bpnS1LgUS8yxCisZoaSSrA}{lKAcZiGaRxqUMQ75FoOfjQ}{127.0.0.1}{127.0.0.1:9300}, reason: zen-disco-elected-as-master ([0] nodes joined)
[2017-04-16T19:50:16,092][INFO ][o.e.h.n.Netty4HttpServerTransport] [bpnS1Lg] publish_address {127.0.0.1:9200}, bound_addresses {[::1]:9200}, {127.0.0.1:9200}
[2017-04-16T19:50:16,117][INFO ][o.e.n.Node               ] [bpnS1Lg] started
[2017-04-16T19:50:16,383][INFO ][o.e.g.GatewayService     ] [bpnS1Lg] recovered [1] indices into cluster_state
[2017-04-16T19:50:16,864][INFO ][o.e.c.r.a.AllocationService] [bpnS1Lg] Cluster health status changed from [RED] to [YELLOW] (reason: [shards started [[customer][1]] ...]).
[2017-04-16T19:59:41,215][INFO ][o.e.c.m.MetaDataCreateIndexService] [bpnS1Lg] [bank] creating index, cause [auto(bulk api)], templates [], shards [5]/[1], mappings []
[2017-04-16T19:59:41,505][INFO ][o.e.c.m.MetaDataMappingService] [bpnS1Lg] [bank/YzcTiXcvSPujb1bRLTzjdw] create_mapping [account]
[2017-04-16T20:00:01,215][INFO ][o.e.m.j.JvmGcMonitorService] [bpnS1Lg] [gc][young][588][3] duration [810ms], collections [1]/[1.3s], total [810ms]/[1s], memory [291.1mb]->[116.7mb]/[1.9gb], all_pools {[young] [250.7mb]->[17mb]/[266.2mb]}{[survivor] [31.9mb]->[33.2mb]/[33.2mb]}{[old] [8.4mb]->[66.8mb]/[1.6gb]}
[2017-04-16T20:00:01,218][WARN ][o.e.m.j.JvmGcMonitorService] [bpnS1Lg] [gc][588] overhead, spent [810ms] collecting in the last [1.3s]
[2017-04-16T20:37:05,011][WARN ][r.suppressed             ] path: /bank/_search, params: {index=bank}
com.fasterxml.jackson.core.JsonParseException: Unexpected character ('}' (code 125)): was expecting double-quote to start field name
 at [Source: org.elasticsearch.transport.netty4.ByteBufStreamInput@580da00e; line: 4, column: 2]
	at com.fasterxml.jackson.core.JsonParser._constructError(JsonParser.java:1702) ~[jackson-core-2.8.6.jar:2.8.6]
	at com.fasterxml.jackson.core.base.ParserMinimalBase._reportError(ParserMinimalBase.java:558) ~[jackson-core-2.8.6.jar:2.8.6]
	at com.fasterxml.jackson.core.base.ParserMinimalBase._reportUnexpectedChar(ParserMinimalBase.java:456) ~[jackson-core-2.8.6.jar:2.8.6]
	at com.fasterxml.jackson.core.json.UTF8StreamJsonParser._handleOddName(UTF8StreamJsonParser.java:2054) ~[jackson-core-2.8.6.jar:2.8.6]
	at com.fasterxml.jackson.core.json.UTF8StreamJsonParser._parseName(UTF8StreamJsonParser.java:1701) ~[jackson-core-2.8.6.jar:2.8.6]
	at com.fasterxml.jackson.core.json.UTF8StreamJsonParser.nextToken(UTF8StreamJsonParser.java:776) ~[jackson-core-2.8.6.jar:2.8.6]
	at org.elasticsearch.common.xcontent.json.JsonXContentParser.nextToken(JsonXContentParser.java:55) ~[elasticsearch-5.3.0.jar:5.3.0]
	at org.elasticsearch.search.builder.SearchSourceBuilder.parseXContent(SearchSourceBuilder.java:943) ~[elasticsearch-5.3.0.jar:5.3.0]
	at org.elasticsearch.rest.action.search.RestSearchAction.parseSearchRequest(RestSearchAction.java:91) ~[elasticsearch-5.3.0.jar:5.3.0]
	at org.elasticsearch.rest.action.search.RestSearchAction.lambda$prepareRequest$0(RestSearchAction.java:71) ~[elasticsearch-5.3.0.jar:5.3.0]
	at org.elasticsearch.rest.RestRequest.withContentOrSourceParamParserOrNull(RestRequest.java:392) ~[elasticsearch-5.3.0.jar:5.3.0]
	at org.elasticsearch.rest.action.search.RestSearchAction.prepareRequest(RestSearchAction.java:70) ~[elasticsearch-5.3.0.jar:5.3.0]
	at org.elasticsearch.rest.BaseRestHandler.handleRequest(BaseRestHandler.java:64) ~[elasticsearch-5.3.0.jar:5.3.0]
	at org.elasticsearch.rest.RestController.dispatchRequest(RestController.java:260) ~[elasticsearch-5.3.0.jar:5.3.0]
	at org.elasticsearch.rest.RestController.dispatchRequest(RestController.java:199) [elasticsearch-5.3.0.jar:5.3.0]
	at org.elasticsearch.http.netty4.Netty4HttpServerTransport.dispatchRequest(Netty4HttpServerTransport.java:515) [transport-netty4-5.3.0.jar:5.3.0]
	at org.elasticsearch.http.netty4.Netty4HttpRequestHandler.channelRead0(Netty4HttpRequestHandler.java:72) [transport-netty4-5.3.0.jar:5.3.0]
	at io.netty.channel.SimpleChannelInboundHandler.channelRead(SimpleChannelInboundHandler.java:105) [netty-transport-4.1.7.Final.jar:4.1.7.Final]
	at io.netty.channel.AbstractChannelHandlerContext.invokeChannelRead(AbstractChannelHandlerContext.java:363) [netty-transport-4.1.7.Final.jar:4.1.7.Final]
	at io.netty.channel.AbstractChannelHandlerContext.invokeChannelRead(AbstractChannelHandlerContext.java:349) [netty-transport-4.1.7.Final.jar:4.1.7.Final]
	at io.netty.channel.AbstractChannelHandlerContext.fireChannelRead(AbstractChannelHandlerContext.java:341) [netty-transport-4.1.7.Final.jar:4.1.7.Final]
	at org.elasticsearch.http.netty4.pipelining.HttpPipeliningHandler.channelRead(HttpPipeliningHandler.java:63) [transport-netty4-5.3.0.jar:5.3.0]
	at io.netty.channel.AbstractChannelHandlerContext.invokeChannelRead(AbstractChannelHandlerContext.java:363) [netty-transport-4.1.7.Final.jar:4.1.7.Final]
	at io.netty.channel.AbstractChannelHandlerContext.invokeChannelRead(AbstractChannelHandlerContext.java:349) [netty-transport-4.1.7.Final.jar:4.1.7.Final]
	at io.netty.channel.AbstractChannelHandlerContext.fireChannelRead(AbstractChannelHandlerContext.java:341) [netty-transport-4.1.7.Final.jar:4.1.7.Final]
	at io.netty.handler.codec.MessageToMessageDecoder.channelRead(MessageToMessageDecoder.java:102) [netty-codec-4.1.7.Final.jar:4.1.7.Final]
	at io.netty.handler.codec.MessageToMessageCodec.channelRead(MessageToMessageCodec.java:111) [netty-codec-4.1.7.Final.jar:4.1.7.Final]
	at io.netty.channel.AbstractChannelHandlerContext.invokeChannelRead(AbstractChannelHandlerContext.java:363) [netty-transport-4.1.7.Final.jar:4.1.7.Final]
	at io.netty.channel.AbstractChannelHandlerContext.invokeChannelRead(AbstractChannelHandlerContext.java:349) [netty-transport-4.1.7.Final.jar:4.1.7.Final]
	at io.netty.channel.AbstractChannelHandlerContext.fireChannelRead(AbstractChannelHandlerContext.java:341) [netty-transport-4.1.7.Final.jar:4.1.7.Final]
	at io.netty.handler.codec.MessageToMessageDecoder.channelRead(MessageToMessageDecoder.java:102) [netty-codec-4.1.7.Final.jar:4.1.7.Final]
	at io.netty.channel.AbstractChannelHandlerContext.invokeChannelRead(AbstractChannelHandlerContext.java:363) [netty-transport-4.1.7.Final.jar:4.1.7.Final]
	at io.netty.channel.AbstractChannelHandlerContext.invokeChannelRead(AbstractChannelHandlerContext.java:349) [netty-transport-4.1.7.Final.jar:4.1.7.Final]
	at io.netty.channel.AbstractChannelHandlerContext.fireChannelRead(AbstractChannelHandlerContext.java:341) [netty-transport-4.1.7.Final.jar:4.1.7.Final]
	at io.netty.handler.codec.MessageToMessageDecoder.channelRead(MessageToMessageDecoder.java:102) [netty-codec-4.1.7.Final.jar:4.1.7.Final]
	at io.netty.channel.AbstractChannelHandlerContext.invokeChannelRead(AbstractChannelHandlerContext.java:363) [netty-transport-4.1.7.Final.jar:4.1.7.Final]
	at io.netty.channel.AbstractChannelHandlerContext.invokeChannelRead(AbstractChannelHandlerContext.java:349) [netty-transport-4.1.7.Final.jar:4.1.7.Final]
	at io.netty.channel.AbstractChannelHandlerContext.fireChannelRead(AbstractChannelHandlerContext.java:341) [netty-transport-4.1.7.Final.jar:4.1.7.Final]
	at io.netty.handler.codec.ByteToMessageDecoder.fireChannelRead(ByteToMessageDecoder.java:293) [netty-codec-4.1.7.Final.jar:4.1.7.Final]
	at io.netty.handler.codec.ByteToMessageDecoder.channelRead(ByteToMessageDecoder.java:267) [netty-codec-4.1.7.Final.jar:4.1.7.Final]
	at io.netty.channel.AbstractChannelHandlerContext.invokeChannelRead(AbstractChannelHandlerContext.java:363) [netty-transport-4.1.7.Final.jar:4.1.7.Final]
	at io.netty.channel.AbstractChannelHandlerContext.invokeChannelRead(AbstractChannelHandlerContext.java:349) [netty-transport-4.1.7.Final.jar:4.1.7.Final]
	at io.netty.channel.AbstractChannelHandlerContext.fireChannelRead(AbstractChannelHandlerContext.java:341) [netty-transport-4.1.7.Final.jar:4.1.7.Final]
	at io.netty.channel.ChannelInboundHandlerAdapter.channelRead(ChannelInboundHandlerAdapter.java:86) [netty-transport-4.1.7.Final.jar:4.1.7.Final]
	at io.netty.channel.AbstractChannelHandlerContext.invokeChannelRead(AbstractChannelHandlerContext.java:363) [netty-transport-4.1.7.Final.jar:4.1.7.Final]
	at io.netty.channel.AbstractChannelHandlerContext.invokeChannelRead(AbstractChannelHandlerContext.java:349) [netty-transport-4.1.7.Final.jar:4.1.7.Final]
	at io.netty.channel.AbstractChannelHandlerContext.fireChannelRead(AbstractChannelHandlerContext.java:341) [netty-transport-4.1.7.Final.jar:4.1.7.Final]
	at io.netty.channel.DefaultChannelPipeline$HeadContext.channelRead(DefaultChannelPipeline.java:1334) [netty-transport-4.1.7.Final.jar:4.1.7.Final]
	at io.netty.channel.AbstractChannelHandlerContext.invokeChannelRead(AbstractChannelHandlerContext.java:363) [netty-transport-4.1.7.Final.jar:4.1.7.Final]
	at io.netty.channel.AbstractChannelHandlerContext.invokeChannelRead(AbstractChannelHandlerContext.java:349) [netty-transport-4.1.7.Final.jar:4.1.7.Final]
	at io.netty.channel.DefaultChannelPipeline.fireChannelRead(DefaultChannelPipeline.java:926) [netty-transport-4.1.7.Final.jar:4.1.7.Final]
	at io.netty.channel.nio.AbstractNioByteChannel$NioByteUnsafe.read(AbstractNioByteChannel.java:129) [netty-transport-4.1.7.Final.jar:4.1.7.Final]
	at io.netty.channel.nio.NioEventLoop.processSelectedKey(NioEventLoop.java:642) [netty-transport-4.1.7.Final.jar:4.1.7.Final]
	at io.netty.channel.nio.NioEventLoop.processSelectedKeysPlain(NioEventLoop.java:527) [netty-transport-4.1.7.Final.jar:4.1.7.Final]
	at io.netty.channel.nio.NioEventLoop.processSelectedKeys(NioEventLoop.java:481) [netty-transport-4.1.7.Final.jar:4.1.7.Final]
	at io.netty.channel.nio.NioEventLoop.run(NioEventLoop.java:441) [netty-transport-4.1.7.Final.jar:4.1.7.Final]
	at io.netty.util.concurrent.SingleThreadEventExecutor$5.run(SingleThreadEventExecutor.java:858) [netty-common-4.1.7.Final.jar:4.1.7.Final]
	at java.lang.Thread.run(Thread.java:745) [?:1.8.0_121]
[2017-04-16T20:37:33,472][WARN ][r.suppressed             ] path: /bank/_search, params: {index=bank}
com.fasterxml.jackson.core.JsonParseException: Unexpected character ('"' (code 34)): was expecting comma to separate Object entries
 at [Source: org.elasticsearch.transport.netty4.ByteBufStreamInput@64221eaa; line: 5, column: 11]
	at com.fasterxml.jackson.core.JsonParser._constructError(JsonParser.java:1702) ~[jackson-core-2.8.6.jar:2.8.6]
	at com.fasterxml.jackson.core.base.ParserMinimalBase._reportError(ParserMinimalBase.java:558) ~[jackson-core-2.8.6.jar:2.8.6]
	at com.fasterxml.jackson.core.base.ParserMinimalBase._reportUnexpectedChar(ParserMinimalBase.java:456) ~[jackson-core-2.8.6.jar:2.8.6]
	at com.fasterxml.jackson.core.json.UTF8StreamJsonParser.nextToken(UTF8StreamJsonParser.java:761) ~[jackson-core-2.8.6.jar:2.8.6]
	at org.elasticsearch.common.xcontent.json.JsonXContentParser.nextToken(JsonXContentParser.java:55) ~[elasticsearch-5.3.0.jar:5.3.0]
	at org.elasticsearch.search.builder.SearchSourceBuilder.parseXContent(SearchSourceBuilder.java:943) ~[elasticsearch-5.3.0.jar:5.3.0]
	at org.elasticsearch.rest.action.search.RestSearchAction.parseSearchRequest(RestSearchAction.java:91) ~[elasticsearch-5.3.0.jar:5.3.0]
	at org.elasticsearch.rest.action.search.RestSearchAction.lambda$prepareRequest$0(RestSearchAction.java:71) ~[elasticsearch-5.3.0.jar:5.3.0]
	at org.elasticsearch.rest.RestRequest.withContentOrSourceParamParserOrNull(RestRequest.java:392) ~[elasticsearch-5.3.0.jar:5.3.0]
	at org.elasticsearch.rest.action.search.RestSearchAction.prepareRequest(RestSearchAction.java:70) ~[elasticsearch-5.3.0.jar:5.3.0]
	at org.elasticsearch.rest.BaseRestHandler.handleRequest(BaseRestHandler.java:64) ~[elasticsearch-5.3.0.jar:5.3.0]
	at org.elasticsearch.rest.RestController.dispatchRequest(RestController.java:260) ~[elasticsearch-5.3.0.jar:5.3.0]
	at org.elasticsearch.rest.RestController.dispatchRequest(RestController.java:199) [elasticsearch-5.3.0.jar:5.3.0]
	at org.elasticsearch.http.netty4.Netty4HttpServerTransport.dispatchRequest(Netty4HttpServerTransport.java:515) [transport-netty4-5.3.0.jar:5.3.0]
	at org.elasticsearch.http.netty4.Netty4HttpRequestHandler.channelRead0(Netty4HttpRequestHandler.java:72) [transport-netty4-5.3.0.jar:5.3.0]
	at io.netty.channel.SimpleChannelInboundHandler.channelRead(SimpleChannelInboundHandler.java:105) [netty-transport-4.1.7.Final.jar:4.1.7.Final]
	at io.netty.channel.AbstractChannelHandlerContext.invokeChannelRead(AbstractChannelHandlerContext.java:363) [netty-transport-4.1.7.Final.jar:4.1.7.Final]
	at io.netty.channel.AbstractChannelHandlerContext.invokeChannelRead(AbstractChannelHandlerContext.java:349) [netty-transport-4.1.7.Final.jar:4.1.7.Final]
	at io.netty.channel.AbstractChannelHandlerContext.fireChannelRead(AbstractChannelHandlerContext.java:341) [netty-transport-4.1.7.Final.jar:4.1.7.Final]
	at org.elasticsearch.http.netty4.pipelining.HttpPipeliningHandler.channelRead(HttpPipeliningHandler.java:63) [transport-netty4-5.3.0.jar:5.3.0]
	at io.netty.channel.AbstractChannelHandlerContext.invokeChannelRead(AbstractChannelHandlerContext.java:363) [netty-transport-4.1.7.Final.jar:4.1.7.Final]
	at io.netty.channel.AbstractChannelHandlerContext.invokeChannelRead(AbstractChannelHandlerContext.java:349) [netty-transport-4.1.7.Final.jar:4.1.7.Final]
	at io.netty.channel.AbstractChannelHandlerContext.fireChannelRead(AbstractChannelHandlerContext.java:341) [netty-transport-4.1.7.Final.jar:4.1.7.Final]
	at io.netty.handler.codec.MessageToMessageDecoder.channelRead(MessageToMessageDecoder.java:102) [netty-codec-4.1.7.Final.jar:4.1.7.Final]
	at io.netty.handler.codec.MessageToMessageCodec.channelRead(MessageToMessageCodec.java:111) [netty-codec-4.1.7.Final.jar:4.1.7.Final]
	at io.netty.channel.AbstractChannelHandlerContext.invokeChannelRead(AbstractChannelHandlerContext.java:363) [netty-transport-4.1.7.Final.jar:4.1.7.Final]
	at io.netty.channel.AbstractChannelHandlerContext.invokeChannelRead(AbstractChannelHandlerContext.java:349) [netty-transport-4.1.7.Final.jar:4.1.7.Final]
	at io.netty.channel.AbstractChannelHandlerContext.fireChannelRead(AbstractChannelHandlerContext.java:341) [netty-transport-4.1.7.Final.jar:4.1.7.Final]
	at io.netty.handler.codec.MessageToMessageDecoder.channelRead(MessageToMessageDecoder.java:102) [netty-codec-4.1.7.Final.jar:4.1.7.Final]
	at io.netty.channel.AbstractChannelHandlerContext.invokeChannelRead(AbstractChannelHandlerContext.java:363) [netty-transport-4.1.7.Final.jar:4.1.7.Final]
	at io.netty.channel.AbstractChannelHandlerContext.invokeChannelRead(AbstractChannelHandlerContext.java:349) [netty-transport-4.1.7.Final.jar:4.1.7.Final]
	at io.netty.channel.AbstractChannelHandlerContext.fireChannelRead(AbstractChannelHandlerContext.java:341) [netty-transport-4.1.7.Final.jar:4.1.7.Final]
	at io.netty.handler.codec.MessageToMessageDecoder.channelRead(MessageToMessageDecoder.java:102) [netty-codec-4.1.7.Final.jar:4.1.7.Final]
	at io.netty.channel.AbstractChannelHandlerContext.invokeChannelRead(AbstractChannelHandlerContext.java:363) [netty-transport-4.1.7.Final.jar:4.1.7.Final]
	at io.netty.channel.AbstractChannelHandlerContext.invokeChannelRead(AbstractChannelHandlerContext.java:349) [netty-transport-4.1.7.Final.jar:4.1.7.Final]
	at io.netty.channel.AbstractChannelHandlerContext.fireChannelRead(AbstractChannelHandlerContext.java:341) [netty-transport-4.1.7.Final.jar:4.1.7.Final]
	at io.netty.handler.codec.ByteToMessageDecoder.fireChannelRead(ByteToMessageDecoder.java:293) [netty-codec-4.1.7.Final.jar:4.1.7.Final]
	at io.netty.handler.codec.ByteToMessageDecoder.channelRead(ByteToMessageDecoder.java:267) [netty-codec-4.1.7.Final.jar:4.1.7.Final]
	at io.netty.channel.AbstractChannelHandlerContext.invokeChannelRead(AbstractChannelHandlerContext.java:363) [netty-transport-4.1.7.Final.jar:4.1.7.Final]
	at io.netty.channel.AbstractChannelHandlerContext.invokeChannelRead(AbstractChannelHandlerContext.java:349) [netty-transport-4.1.7.Final.jar:4.1.7.Final]
	at io.netty.channel.AbstractChannelHandlerContext.fireChannelRead(AbstractChannelHandlerContext.java:341) [netty-transport-4.1.7.Final.jar:4.1.7.Final]
	at io.netty.channel.ChannelInboundHandlerAdapter.channelRead(ChannelInboundHandlerAdapter.java:86) [netty-transport-4.1.7.Final.jar:4.1.7.Final]
	at io.netty.channel.AbstractChannelHandlerContext.invokeChannelRead(AbstractChannelHandlerContext.java:363) [netty-transport-4.1.7.Final.jar:4.1.7.Final]
	at io.netty.channel.AbstractChannelHandlerContext.invokeChannelRead(AbstractChannelHandlerContext.java:349) [netty-transport-4.1.7.Final.jar:4.1.7.Final]
	at io.netty.channel.AbstractChannelHandlerContext.fireChannelRead(AbstractChannelHandlerContext.java:341) [netty-transport-4.1.7.Final.jar:4.1.7.Final]
	at io.netty.channel.DefaultChannelPipeline$HeadContext.channelRead(DefaultChannelPipeline.java:1334) [netty-transport-4.1.7.Final.jar:4.1.7.Final]
	at io.netty.channel.AbstractChannelHandlerContext.invokeChannelRead(AbstractChannelHandlerContext.java:363) [netty-transport-4.1.7.Final.jar:4.1.7.Final]
	at io.netty.channel.AbstractChannelHandlerContext.invokeChannelRead(AbstractChannelHandlerContext.java:349) [netty-transport-4.1.7.Final.jar:4.1.7.Final]
	at io.netty.channel.DefaultChannelPipeline.fireChannelRead(DefaultChannelPipeline.java:926) [netty-transport-4.1.7.Final.jar:4.1.7.Final]
	at io.netty.channel.nio.AbstractNioByteChannel$NioByteUnsafe.read(AbstractNioByteChannel.java:129) [netty-transport-4.1.7.Final.jar:4.1.7.Final]
	at io.netty.channel.nio.NioEventLoop.processSelectedKey(NioEventLoop.java:642) [netty-transport-4.1.7.Final.jar:4.1.7.Final]
	at io.netty.channel.nio.NioEventLoop.processSelectedKeysPlain(NioEventLoop.java:527) [netty-transport-4.1.7.Final.jar:4.1.7.Final]
	at io.netty.channel.nio.NioEventLoop.processSelectedKeys(NioEventLoop.java:481) [netty-transport-4.1.7.Final.jar:4.1.7.Final]
	at io.netty.channel.nio.NioEventLoop.run(NioEventLoop.java:441) [netty-transport-4.1.7.Final.jar:4.1.7.Final]
	at io.netty.util.concurrent.SingleThreadEventExecutor$5.run(SingleThreadEventExecutor.java:858) [netty-common-4.1.7.Final.jar:4.1.7.Final]
	at java.lang.Thread.run(Thread.java:745) [?:1.8.0_121]
[2017-04-16T20:37:37,511][WARN ][r.suppressed             ] path: /bank/_search, params: {index=bank}
com.fasterxml.jackson.core.JsonParseException: Unexpected character ('"' (code 34)): was expecting comma to separate Object entries
 at [Source: org.elasticsearch.transport.netty4.ByteBufStreamInput@60e582b3; line: 5, column: 11]
	at com.fasterxml.jackson.core.JsonParser._constructError(JsonParser.java:1702) ~[jackson-core-2.8.6.jar:2.8.6]
	at com.fasterxml.jackson.core.base.ParserMinimalBase._reportError(ParserMinimalBase.java:558) ~[jackson-core-2.8.6.jar:2.8.6]
	at com.fasterxml.jackson.core.base.ParserMinimalBase._reportUnexpectedChar(ParserMinimalBase.java:456) ~[jackson-core-2.8.6.jar:2.8.6]
	at com.fasterxml.jackson.core.json.UTF8StreamJsonParser.nextToken(UTF8StreamJsonParser.java:761) ~[jackson-core-2.8.6.jar:2.8.6]
	at org.elasticsearch.common.xcontent.json.JsonXContentParser.nextToken(JsonXContentParser.java:55) ~[elasticsearch-5.3.0.jar:5.3.0]
	at org.elasticsearch.search.builder.SearchSourceBuilder.parseXContent(SearchSourceBuilder.java:943) ~[elasticsearch-5.3.0.jar:5.3.0]
	at org.elasticsearch.rest.action.search.RestSearchAction.parseSearchRequest(RestSearchAction.java:91) ~[elasticsearch-5.3.0.jar:5.3.0]
	at org.elasticsearch.rest.action.search.RestSearchAction.lambda$prepareRequest$0(RestSearchAction.java:71) ~[elasticsearch-5.3.0.jar:5.3.0]
	at org.elasticsearch.rest.RestRequest.withContentOrSourceParamParserOrNull(RestRequest.java:392) ~[elasticsearch-5.3.0.jar:5.3.0]
	at org.elasticsearch.rest.action.search.RestSearchAction.prepareRequest(RestSearchAction.java:70) ~[elasticsearch-5.3.0.jar:5.3.0]
	at org.elasticsearch.rest.BaseRestHandler.handleRequest(BaseRestHandler.java:64) ~[elasticsearch-5.3.0.jar:5.3.0]
	at org.elasticsearch.rest.RestController.dispatchRequest(RestController.java:260) ~[elasticsearch-5.3.0.jar:5.3.0]
	at org.elasticsearch.rest.RestController.dispatchRequest(RestController.java:199) [elasticsearch-5.3.0.jar:5.3.0]
	at org.elasticsearch.http.netty4.Netty4HttpServerTransport.dispatchRequest(Netty4HttpServerTransport.java:515) [transport-netty4-5.3.0.jar:5.3.0]
	at org.elasticsearch.http.netty4.Netty4HttpRequestHandler.channelRead0(Netty4HttpRequestHandler.java:72) [transport-netty4-5.3.0.jar:5.3.0]
	at io.netty.channel.SimpleChannelInboundHandler.channelRead(SimpleChannelInboundHandler.java:105) [netty-transport-4.1.7.Final.jar:4.1.7.Final]
	at io.netty.channel.AbstractChannelHandlerContext.invokeChannelRead(AbstractChannelHandlerContext.java:363) [netty-transport-4.1.7.Final.jar:4.1.7.Final]
	at io.netty.channel.AbstractChannelHandlerContext.invokeChannelRead(AbstractChannelHandlerContext.java:349) [netty-transport-4.1.7.Final.jar:4.1.7.Final]
	at io.netty.channel.AbstractChannelHandlerContext.fireChannelRead(AbstractChannelHandlerContext.java:341) [netty-transport-4.1.7.Final.jar:4.1.7.Final]
	at org.elasticsearch.http.netty4.pipelining.HttpPipeliningHandler.channelRead(HttpPipeliningHandler.java:63) [transport-netty4-5.3.0.jar:5.3.0]
	at io.netty.channel.AbstractChannelHandlerContext.invokeChannelRead(AbstractChannelHandlerContext.java:363) [netty-transport-4.1.7.Final.jar:4.1.7.Final]
	at io.netty.channel.AbstractChannelHandlerContext.invokeChannelRead(AbstractChannelHandlerContext.java:349) [netty-transport-4.1.7.Final.jar:4.1.7.Final]
	at io.netty.channel.AbstractChannelHandlerContext.fireChannelRead(AbstractChannelHandlerContext.java:341) [netty-transport-4.1.7.Final.jar:4.1.7.Final]
	at io.netty.handler.codec.MessageToMessageDecoder.channelRead(MessageToMessageDecoder.java:102) [netty-codec-4.1.7.Final.jar:4.1.7.Final]
	at io.netty.handler.codec.MessageToMessageCodec.channelRead(MessageToMessageCodec.java:111) [netty-codec-4.1.7.Final.jar:4.1.7.Final]
	at io.netty.channel.AbstractChannelHandlerContext.invokeChannelRead(AbstractChannelHandlerContext.java:363) [netty-transport-4.1.7.Final.jar:4.1.7.Final]
	at io.netty.channel.AbstractChannelHandlerContext.invokeChannelRead(AbstractChannelHandlerContext.java:349) [netty-transport-4.1.7.Final.jar:4.1.7.Final]
	at io.netty.channel.AbstractChannelHandlerContext.fireChannelRead(AbstractChannelHandlerContext.java:341) [netty-transport-4.1.7.Final.jar:4.1.7.Final]
	at io.netty.handler.codec.MessageToMessageDecoder.channelRead(MessageToMessageDecoder.java:102) [netty-codec-4.1.7.Final.jar:4.1.7.Final]
	at io.netty.channel.AbstractChannelHandlerContext.invokeChannelRead(AbstractChannelHandlerContext.java:363) [netty-transport-4.1.7.Final.jar:4.1.7.Final]
	at io.netty.channel.AbstractChannelHandlerContext.invokeChannelRead(AbstractChannelHandlerContext.java:349) [netty-transport-4.1.7.Final.jar:4.1.7.Final]
	at io.netty.channel.AbstractChannelHandlerContext.fireChannelRead(AbstractChannelHandlerContext.java:341) [netty-transport-4.1.7.Final.jar:4.1.7.Final]
	at io.netty.handler.codec.MessageToMessageDecoder.channelRead(MessageToMessageDecoder.java:102) [netty-codec-4.1.7.Final.jar:4.1.7.Final]
	at io.netty.channel.AbstractChannelHandlerContext.invokeChannelRead(AbstractChannelHandlerContext.java:363) [netty-transport-4.1.7.Final.jar:4.1.7.Final]
	at io.netty.channel.AbstractChannelHandlerContext.invokeChannelRead(AbstractChannelHandlerContext.java:349) [netty-transport-4.1.7.Final.jar:4.1.7.Final]
	at io.netty.channel.AbstractChannelHandlerContext.fireChannelRead(AbstractChannelHandlerContext.java:341) [netty-transport-4.1.7.Final.jar:4.1.7.Final]
	at io.netty.handler.codec.ByteToMessageDecoder.fireChannelRead(ByteToMessageDecoder.java:293) [netty-codec-4.1.7.Final.jar:4.1.7.Final]
	at io.netty.handler.codec.ByteToMessageDecoder.channelRead(ByteToMessageDecoder.java:267) [netty-codec-4.1.7.Final.jar:4.1.7.Final]
	at io.netty.channel.AbstractChannelHandlerContext.invokeChannelRead(AbstractChannelHandlerContext.java:363) [netty-transport-4.1.7.Final.jar:4.1.7.Final]
	at io.netty.channel.AbstractChannelHandlerContext.invokeChannelRead(AbstractChannelHandlerContext.java:349) [netty-transport-4.1.7.Final.jar:4.1.7.Final]
	at io.netty.channel.AbstractChannelHandlerContext.fireChannelRead(AbstractChannelHandlerContext.java:341) [netty-transport-4.1.7.Final.jar:4.1.7.Final]
	at io.netty.channel.ChannelInboundHandlerAdapter.channelRead(ChannelInboundHandlerAdapter.java:86) [netty-transport-4.1.7.Final.jar:4.1.7.Final]
	at io.netty.channel.AbstractChannelHandlerContext.invokeChannelRead(AbstractChannelHandlerContext.java:363) [netty-transport-4.1.7.Final.jar:4.1.7.Final]
	at io.netty.channel.AbstractChannelHandlerContext.invokeChannelRead(AbstractChannelHandlerContext.java:349) [netty-transport-4.1.7.Final.jar:4.1.7.Final]
	at io.netty.channel.AbstractChannelHandlerContext.fireChannelRead(AbstractChannelHandlerContext.java:341) [netty-transport-4.1.7.Final.jar:4.1.7.Final]
	at io.netty.channel.DefaultChannelPipeline$HeadContext.channelRead(DefaultChannelPipeline.java:1334) [netty-transport-4.1.7.Final.jar:4.1.7.Final]
	at io.netty.channel.AbstractChannelHandlerContext.invokeChannelRead(AbstractChannelHandlerContext.java:363) [netty-transport-4.1.7.Final.jar:4.1.7.Final]
	at io.netty.channel.AbstractChannelHandlerContext.invokeChannelRead(AbstractChannelHandlerContext.java:349) [netty-transport-4.1.7.Final.jar:4.1.7.Final]
	at io.netty.channel.DefaultChannelPipeline.fireChannelRead(DefaultChannelPipeline.java:926) [netty-transport-4.1.7.Final.jar:4.1.7.Final]
	at io.netty.channel.nio.AbstractNioByteChannel$NioByteUnsafe.read(AbstractNioByteChannel.java:129) [netty-transport-4.1.7.Final.jar:4.1.7.Final]
	at io.netty.channel.nio.NioEventLoop.processSelectedKey(NioEventLoop.java:642) [netty-transport-4.1.7.Final.jar:4.1.7.Final]
	at io.netty.channel.nio.NioEventLoop.processSelectedKeysPlain(NioEventLoop.java:527) [netty-transport-4.1.7.Final.jar:4.1.7.Final]
	at io.netty.channel.nio.NioEventLoop.processSelectedKeys(NioEventLoop.java:481) [netty-transport-4.1.7.Final.jar:4.1.7.Final]
	at io.netty.channel.nio.NioEventLoop.run(NioEventLoop.java:441) [netty-transport-4.1.7.Final.jar:4.1.7.Final]
	at io.netty.util.concurrent.SingleThreadEventExecutor$5.run(SingleThreadEventExecutor.java:858) [netty-common-4.1.7.Final.jar:4.1.7.Final]
	at java.lang.Thread.run(Thread.java:745) [?:1.8.0_121]
[2017-04-16T20:52:31,460][WARN ][r.suppressed             ] path: /bank/_search, params: {index=bank}
com.fasterxml.jackson.core.io.JsonEOFException: Unexpected end-of-input in VALUE_STRING
 at [Source: org.elasticsearch.transport.netty4.ByteBufStreamInput@6cc30985; line: 7, column: 117]
	at com.fasterxml.jackson.core.base.ParserMinimalBase._reportInvalidEOF(ParserMinimalBase.java:483) ~[jackson-core-2.8.6.jar:2.8.6]
	at com.fasterxml.jackson.core.base.ParserMinimalBase._reportInvalidEOF(ParserMinimalBase.java:460) ~[jackson-core-2.8.6.jar:2.8.6]
	at com.fasterxml.jackson.core.json.UTF8StreamJsonParser._loadMoreGuaranteed(UTF8StreamJsonParser.java:2404) ~[jackson-core-2.8.6.jar:2.8.6]
	at com.fasterxml.jackson.core.json.UTF8StreamJsonParser._finishString2(UTF8StreamJsonParser.java:2489) ~[jackson-core-2.8.6.jar:2.8.6]
	at com.fasterxml.jackson.core.json.UTF8StreamJsonParser._finishAndReturnString(UTF8StreamJsonParser.java:2469) ~[jackson-core-2.8.6.jar:2.8.6]
	at com.fasterxml.jackson.core.json.UTF8StreamJsonParser.getText(UTF8StreamJsonParser.java:315) ~[jackson-core-2.8.6.jar:2.8.6]
	at org.elasticsearch.common.xcontent.json.JsonXContentParser.text(JsonXContentParser.java:86) ~[elasticsearch-5.3.0.jar:5.3.0]
	at org.elasticsearch.common.xcontent.json.JsonXContentParser.objectText(JsonXContentParser.java:100) ~[elasticsearch-5.3.0.jar:5.3.0]
	at org.elasticsearch.index.query.MatchQueryBuilder.fromXContent(MatchQueryBuilder.java:595) ~[elasticsearch-5.3.0.jar:5.3.0]
	at org.elasticsearch.search.SearchModule.lambda$registerQuery$10(SearchModule.java:777) ~[elasticsearch-5.3.0.jar:5.3.0]
	at org.elasticsearch.common.xcontent.NamedXContentRegistry.parseNamedObject(NamedXContentRegistry.java:144) ~[elasticsearch-5.3.0.jar:5.3.0]
	at org.elasticsearch.common.xcontent.support.AbstractXContentParser.namedObject(AbstractXContentParser.java:386) ~[elasticsearch-5.3.0.jar:5.3.0]
	at org.elasticsearch.index.query.QueryParseContext.parseInnerQueryBuilder(QueryParseContext.java:113) ~[elasticsearch-5.3.0.jar:5.3.0]
	at org.elasticsearch.index.query.BoolQueryBuilder.fromXContent(BoolQueryBuilder.java:354) ~[elasticsearch-5.3.0.jar:5.3.0]
	at org.elasticsearch.search.SearchModule.lambda$registerQuery$10(SearchModule.java:777) ~[elasticsearch-5.3.0.jar:5.3.0]
	at org.elasticsearch.common.xcontent.NamedXContentRegistry.parseNamedObject(NamedXContentRegistry.java:144) ~[elasticsearch-5.3.0.jar:5.3.0]
	at org.elasticsearch.common.xcontent.support.AbstractXContentParser.namedObject(AbstractXContentParser.java:386) ~[elasticsearch-5.3.0.jar:5.3.0]
	at org.elasticsearch.index.query.QueryParseContext.parseInnerQueryBuilder(QueryParseContext.java:113) ~[elasticsearch-5.3.0.jar:5.3.0]
	at org.elasticsearch.search.builder.SearchSourceBuilder.parseXContent(SearchSourceBuilder.java:982) ~[elasticsearch-5.3.0.jar:5.3.0]
	at org.elasticsearch.rest.action.search.RestSearchAction.parseSearchRequest(RestSearchAction.java:91) ~[elasticsearch-5.3.0.jar:5.3.0]
	at org.elasticsearch.rest.action.search.RestSearchAction.lambda$prepareRequest$0(RestSearchAction.java:71) ~[elasticsearch-5.3.0.jar:5.3.0]
	at org.elasticsearch.rest.RestRequest.withContentOrSourceParamParserOrNull(RestRequest.java:392) ~[elasticsearch-5.3.0.jar:5.3.0]
	at org.elasticsearch.rest.action.search.RestSearchAction.prepareRequest(RestSearchAction.java:70) ~[elasticsearch-5.3.0.jar:5.3.0]
	at org.elasticsearch.rest.BaseRestHandler.handleRequest(BaseRestHandler.java:64) ~[elasticsearch-5.3.0.jar:5.3.0]
	at org.elasticsearch.rest.RestController.dispatchRequest(RestController.java:260) ~[elasticsearch-5.3.0.jar:5.3.0]
	at org.elasticsearch.rest.RestController.dispatchRequest(RestController.java:199) [elasticsearch-5.3.0.jar:5.3.0]
	at org.elasticsearch.http.netty4.Netty4HttpServerTransport.dispatchRequest(Netty4HttpServerTransport.java:515) [transport-netty4-5.3.0.jar:5.3.0]
	at org.elasticsearch.http.netty4.Netty4HttpRequestHandler.channelRead0(Netty4HttpRequestHandler.java:72) [transport-netty4-5.3.0.jar:5.3.0]
	at io.netty.channel.SimpleChannelInboundHandler.channelRead(SimpleChannelInboundHandler.java:105) [netty-transport-4.1.7.Final.jar:4.1.7.Final]
	at io.netty.channel.AbstractChannelHandlerContext.invokeChannelRead(AbstractChannelHandlerContext.java:363) [netty-transport-4.1.7.Final.jar:4.1.7.Final]
	at io.netty.channel.AbstractChannelHandlerContext.invokeChannelRead(AbstractChannelHandlerContext.java:349) [netty-transport-4.1.7.Final.jar:4.1.7.Final]
	at io.netty.channel.AbstractChannelHandlerContext.fireChannelRead(AbstractChannelHandlerContext.java:341) [netty-transport-4.1.7.Final.jar:4.1.7.Final]
	at org.elasticsearch.http.netty4.pipelining.HttpPipeliningHandler.channelRead(HttpPipeliningHandler.java:63) [transport-netty4-5.3.0.jar:5.3.0]
	at io.netty.channel.AbstractChannelHandlerContext.invokeChannelRead(AbstractChannelHandlerContext.java:363) [netty-transport-4.1.7.Final.jar:4.1.7.Final]
	at io.netty.channel.AbstractChannelHandlerContext.invokeChannelRead(AbstractChannelHandlerContext.java:349) [netty-transport-4.1.7.Final.jar:4.1.7.Final]
	at io.netty.channel.AbstractChannelHandlerContext.fireChannelRead(AbstractChannelHandlerContext.java:341) [netty-transport-4.1.7.Final.jar:4.1.7.Final]
	at io.netty.handler.codec.MessageToMessageDecoder.channelRead(MessageToMessageDecoder.java:102) [netty-codec-4.1.7.Final.jar:4.1.7.Final]
	at io.netty.handler.codec.MessageToMessageCodec.channelRead(MessageToMessageCodec.java:111) [netty-codec-4.1.7.Final.jar:4.1.7.Final]
	at io.netty.channel.AbstractChannelHandlerContext.invokeChannelRead(AbstractChannelHandlerContext.java:363) [netty-transport-4.1.7.Final.jar:4.1.7.Final]
	at io.netty.channel.AbstractChannelHandlerContext.invokeChannelRead(AbstractChannelHandlerContext.java:349) [netty-transport-4.1.7.Final.jar:4.1.7.Final]
	at io.netty.channel.AbstractChannelHandlerContext.fireChannelRead(AbstractChannelHandlerContext.java:341) [netty-transport-4.1.7.Final.jar:4.1.7.Final]
	at io.netty.handler.codec.MessageToMessageDecoder.channelRead(MessageToMessageDecoder.java:102) [netty-codec-4.1.7.Final.jar:4.1.7.Final]
	at io.netty.channel.AbstractChannelHandlerContext.invokeChannelRead(AbstractChannelHandlerContext.java:363) [netty-transport-4.1.7.Final.jar:4.1.7.Final]
	at io.netty.channel.AbstractChannelHandlerContext.invokeChannelRead(AbstractChannelHandlerContext.java:349) [netty-transport-4.1.7.Final.jar:4.1.7.Final]
	at io.netty.channel.AbstractChannelHandlerContext.fireChannelRead(AbstractChannelHandlerContext.java:341) [netty-transport-4.1.7.Final.jar:4.1.7.Final]
	at io.netty.handler.codec.MessageToMessageDecoder.channelRead(MessageToMessageDecoder.java:102) [netty-codec-4.1.7.Final.jar:4.1.7.Final]
	at io.netty.channel.AbstractChannelHandlerContext.invokeChannelRead(AbstractChannelHandlerContext.java:363) [netty-transport-4.1.7.Final.jar:4.1.7.Final]
	at io.netty.channel.AbstractChannelHandlerContext.invokeChannelRead(AbstractChannelHandlerContext.java:349) [netty-transport-4.1.7.Final.jar:4.1.7.Final]
	at io.netty.channel.AbstractChannelHandlerContext.fireChannelRead(AbstractChannelHandlerContext.java:341) [netty-transport-4.1.7.Final.jar:4.1.7.Final]
	at io.netty.handler.codec.ByteToMessageDecoder.fireChannelRead(ByteToMessageDecoder.java:293) [netty-codec-4.1.7.Final.jar:4.1.7.Final]
	at io.netty.handler.codec.ByteToMessageDecoder.channelRead(ByteToMessageDecoder.java:267) [netty-codec-4.1.7.Final.jar:4.1.7.Final]
	at io.netty.channel.AbstractChannelHandlerContext.invokeChannelRead(AbstractChannelHandlerContext.java:363) [netty-transport-4.1.7.Final.jar:4.1.7.Final]
	at io.netty.channel.AbstractChannelHandlerContext.invokeChannelRead(AbstractChannelHandlerContext.java:349) [netty-transport-4.1.7.Final.jar:4.1.7.Final]
	at io.netty.channel.AbstractChannelHandlerContext.fireChannelRead(AbstractChannelHandlerContext.java:341) [netty-transport-4.1.7.Final.jar:4.1.7.Final]
	at io.netty.channel.ChannelInboundHandlerAdapter.channelRead(ChannelInboundHandlerAdapter.java:86) [netty-transport-4.1.7.Final.jar:4.1.7.Final]
	at io.netty.channel.AbstractChannelHandlerContext.invokeChannelRead(AbstractChannelHandlerContext.java:363) [netty-transport-4.1.7.Final.jar:4.1.7.Final]
	at io.netty.channel.AbstractChannelHandlerContext.invokeChannelRead(AbstractChannelHandlerContext.java:349) [netty-transport-4.1.7.Final.jar:4.1.7.Final]
	at io.netty.channel.AbstractChannelHandlerContext.fireChannelRead(AbstractChannelHandlerContext.java:341) [netty-transport-4.1.7.Final.jar:4.1.7.Final]
	at io.netty.channel.DefaultChannelPipeline$HeadContext.channelRead(DefaultChannelPipeline.java:1334) [netty-transport-4.1.7.Final.jar:4.1.7.Final]
	at io.netty.channel.AbstractChannelHandlerContext.invokeChannelRead(AbstractChannelHandlerContext.java:363) [netty-transport-4.1.7.Final.jar:4.1.7.Final]
	at io.netty.channel.AbstractChannelHandlerContext.invokeChannelRead(AbstractChannelHandlerContext.java:349) [netty-transport-4.1.7.Final.jar:4.1.7.Final]
	at io.netty.channel.DefaultChannelPipeline.fireChannelRead(DefaultChannelPipeline.java:926) [netty-transport-4.1.7.Final.jar:4.1.7.Final]
	at io.netty.channel.nio.AbstractNioByteChannel$NioByteUnsafe.read(AbstractNioByteChannel.java:129) [netty-transport-4.1.7.Final.jar:4.1.7.Final]
	at io.netty.channel.nio.NioEventLoop.processSelectedKey(NioEventLoop.java:642) [netty-transport-4.1.7.Final.jar:4.1.7.Final]
	at io.netty.channel.nio.NioEventLoop.processSelectedKeysPlain(NioEventLoop.java:527) [netty-transport-4.1.7.Final.jar:4.1.7.Final]
	at io.netty.channel.nio.NioEventLoop.processSelectedKeys(NioEventLoop.java:481) [netty-transport-4.1.7.Final.jar:4.1.7.Final]
	at io.netty.channel.nio.NioEventLoop.run(NioEventLoop.java:441) [netty-transport-4.1.7.Final.jar:4.1.7.Final]
	at io.netty.util.concurrent.SingleThreadEventExecutor$5.run(SingleThreadEventExecutor.java:858) [netty-common-4.1.7.Final.jar:4.1.7.Final]
	at java.lang.Thread.run(Thread.java:745) [?:1.8.0_121]
[2017-04-16T21:04:51,640][WARN ][r.suppressed             ] path: /bank/_search, params: {pretty=, index=bank}
com.fasterxml.jackson.core.io.JsonEOFException: Unexpected end-of-input: expected close marker for Object (start marker at [Source: org.elasticsearch.transport.netty4.ByteBufStreamInput@5d1c928c; line: 2, column: 1])
 at [Source: org.elasticsearch.transport.netty4.ByteBufStreamInput@5d1c928c; line: 17, column: 125]
	at com.fasterxml.jackson.core.base.ParserMinimalBase._reportInvalidEOF(ParserMinimalBase.java:483) ~[jackson-core-2.8.6.jar:2.8.6]
	at com.fasterxml.jackson.core.base.ParserBase._handleEOF(ParserBase.java:535) ~[jackson-core-2.8.6.jar:2.8.6]
	at com.fasterxml.jackson.core.base.ParserBase._eofAsNextChar(ParserBase.java:547) ~[jackson-core-2.8.6.jar:2.8.6]
	at com.fasterxml.jackson.core.json.UTF8StreamJsonParser._skipWSOrEnd2(UTF8StreamJsonParser.java:3003) ~[jackson-core-2.8.6.jar:2.8.6]
	at com.fasterxml.jackson.core.json.UTF8StreamJsonParser._skipWSOrEnd(UTF8StreamJsonParser.java:2973) ~[jackson-core-2.8.6.jar:2.8.6]
	at com.fasterxml.jackson.core.json.UTF8StreamJsonParser.nextToken(UTF8StreamJsonParser.java:731) ~[jackson-core-2.8.6.jar:2.8.6]
	at org.elasticsearch.common.xcontent.json.JsonXContentParser.nextToken(JsonXContentParser.java:55) ~[elasticsearch-5.3.0.jar:5.3.0]
	at org.elasticsearch.search.builder.SearchSourceBuilder.parseXContent(SearchSourceBuilder.java:943) ~[elasticsearch-5.3.0.jar:5.3.0]
	at org.elasticsearch.rest.action.search.RestSearchAction.parseSearchRequest(RestSearchAction.java:91) ~[elasticsearch-5.3.0.jar:5.3.0]
	at org.elasticsearch.rest.action.search.RestSearchAction.lambda$prepareRequest$0(RestSearchAction.java:71) ~[elasticsearch-5.3.0.jar:5.3.0]
	at org.elasticsearch.rest.RestRequest.withContentOrSourceParamParserOrNull(RestRequest.java:392) ~[elasticsearch-5.3.0.jar:5.3.0]
	at org.elasticsearch.rest.action.search.RestSearchAction.prepareRequest(RestSearchAction.java:70) ~[elasticsearch-5.3.0.jar:5.3.0]
	at org.elasticsearch.rest.BaseRestHandler.handleRequest(BaseRestHandler.java:64) ~[elasticsearch-5.3.0.jar:5.3.0]
	at org.elasticsearch.rest.RestController.dispatchRequest(RestController.java:260) ~[elasticsearch-5.3.0.jar:5.3.0]
	at org.elasticsearch.rest.RestController.dispatchRequest(RestController.java:199) [elasticsearch-5.3.0.jar:5.3.0]
	at org.elasticsearch.http.netty4.Netty4HttpServerTransport.dispatchRequest(Netty4HttpServerTransport.java:515) [transport-netty4-5.3.0.jar:5.3.0]
	at org.elasticsearch.http.netty4.Netty4HttpRequestHandler.channelRead0(Netty4HttpRequestHandler.java:72) [transport-netty4-5.3.0.jar:5.3.0]
	at io.netty.channel.SimpleChannelInboundHandler.channelRead(SimpleChannelInboundHandler.java:105) [netty-transport-4.1.7.Final.jar:4.1.7.Final]
	at io.netty.channel.AbstractChannelHandlerContext.invokeChannelRead(AbstractChannelHandlerContext.java:363) [netty-transport-4.1.7.Final.jar:4.1.7.Final]
	at io.netty.channel.AbstractChannelHandlerContext.invokeChannelRead(AbstractChannelHandlerContext.java:349) [netty-transport-4.1.7.Final.jar:4.1.7.Final]
	at io.netty.channel.AbstractChannelHandlerContext.fireChannelRead(AbstractChannelHandlerContext.java:341) [netty-transport-4.1.7.Final.jar:4.1.7.Final]
	at org.elasticsearch.http.netty4.pipelining.HttpPipeliningHandler.channelRead(HttpPipeliningHandler.java:63) [transport-netty4-5.3.0.jar:5.3.0]
	at io.netty.channel.AbstractChannelHandlerContext.invokeChannelRead(AbstractChannelHandlerContext.java:363) [netty-transport-4.1.7.Final.jar:4.1.7.Final]
	at io.netty.channel.AbstractChannelHandlerContext.invokeChannelRead(AbstractChannelHandlerContext.java:349) [netty-transport-4.1.7.Final.jar:4.1.7.Final]
	at io.netty.channel.AbstractChannelHandlerContext.fireChannelRead(AbstractChannelHandlerContext.java:341) [netty-transport-4.1.7.Final.jar:4.1.7.Final]
	at io.netty.handler.codec.MessageToMessageDecoder.channelRead(MessageToMessageDecoder.java:102) [netty-codec-4.1.7.Final.jar:4.1.7.Final]
	at io.netty.handler.codec.MessageToMessageCodec.channelRead(MessageToMessageCodec.java:111) [netty-codec-4.1.7.Final.jar:4.1.7.Final]
	at io.netty.channel.AbstractChannelHandlerContext.invokeChannelRead(AbstractChannelHandlerContext.java:363) [netty-transport-4.1.7.Final.jar:4.1.7.Final]
	at io.netty.channel.AbstractChannelHandlerContext.invokeChannelRead(AbstractChannelHandlerContext.java:349) [netty-transport-4.1.7.Final.jar:4.1.7.Final]
	at io.netty.channel.AbstractChannelHandlerContext.fireChannelRead(AbstractChannelHandlerContext.java:341) [netty-transport-4.1.7.Final.jar:4.1.7.Final]
	at io.netty.handler.codec.MessageToMessageDecoder.channelRead(MessageToMessageDecoder.java:102) [netty-codec-4.1.7.Final.jar:4.1.7.Final]
	at io.netty.channel.AbstractChannelHandlerContext.invokeChannelRead(AbstractChannelHandlerContext.java:363) [netty-transport-4.1.7.Final.jar:4.1.7.Final]
	at io.netty.channel.AbstractChannelHandlerContext.invokeChannelRead(AbstractChannelHandlerContext.java:349) [netty-transport-4.1.7.Final.jar:4.1.7.Final]
	at io.netty.channel.AbstractChannelHandlerContext.fireChannelRead(AbstractChannelHandlerContext.java:341) [netty-transport-4.1.7.Final.jar:4.1.7.Final]
	at io.netty.handler.codec.MessageToMessageDecoder.channelRead(MessageToMessageDecoder.java:102) [netty-codec-4.1.7.Final.jar:4.1.7.Final]
	at io.netty.channel.AbstractChannelHandlerContext.invokeChannelRead(AbstractChannelHandlerContext.java:363) [netty-transport-4.1.7.Final.jar:4.1.7.Final]
	at io.netty.channel.AbstractChannelHandlerContext.invokeChannelRead(AbstractChannelHandlerContext.java:349) [netty-transport-4.1.7.Final.jar:4.1.7.Final]
	at io.netty.channel.AbstractChannelHandlerContext.fireChannelRead(AbstractChannelHandlerContext.java:341) [netty-transport-4.1.7.Final.jar:4.1.7.Final]
	at io.netty.handler.codec.ByteToMessageDecoder.fireChannelRead(ByteToMessageDecoder.java:293) [netty-codec-4.1.7.Final.jar:4.1.7.Final]
	at io.netty.handler.codec.ByteToMessageDecoder.channelRead(ByteToMessageDecoder.java:267) [netty-codec-4.1.7.Final.jar:4.1.7.Final]
	at io.netty.channel.AbstractChannelHandlerContext.invokeChannelRead(AbstractChannelHandlerContext.java:363) [netty-transport-4.1.7.Final.jar:4.1.7.Final]
	at io.netty.channel.AbstractChannelHandlerContext.invokeChannelRead(AbstractChannelHandlerContext.java:349) [netty-transport-4.1.7.Final.jar:4.1.7.Final]
	at io.netty.channel.AbstractChannelHandlerContext.fireChannelRead(AbstractChannelHandlerContext.java:341) [netty-transport-4.1.7.Final.jar:4.1.7.Final]
	at io.netty.channel.ChannelInboundHandlerAdapter.channelRead(ChannelInboundHandlerAdapter.java:86) [netty-transport-4.1.7.Final.jar:4.1.7.Final]
	at io.netty.channel.AbstractChannelHandlerContext.invokeChannelRead(AbstractChannelHandlerContext.java:363) [netty-transport-4.1.7.Final.jar:4.1.7.Final]
	at io.netty.channel.AbstractChannelHandlerContext.invokeChannelRead(AbstractChannelHandlerContext.java:349) [netty-transport-4.1.7.Final.jar:4.1.7.Final]
	at io.netty.channel.AbstractChannelHandlerContext.fireChannelRead(AbstractChannelHandlerContext.java:341) [netty-transport-4.1.7.Final.jar:4.1.7.Final]
	at io.netty.channel.DefaultChannelPipeline$HeadContext.channelRead(DefaultChannelPipeline.java:1334) [netty-transport-4.1.7.Final.jar:4.1.7.Final]
	at io.netty.channel.AbstractChannelHandlerContext.invokeChannelRead(AbstractChannelHandlerContext.java:363) [netty-transport-4.1.7.Final.jar:4.1.7.Final]
	at io.netty.channel.AbstractChannelHandlerContext.invokeChannelRead(AbstractChannelHandlerContext.java:349) [netty-transport-4.1.7.Final.jar:4.1.7.Final]
	at io.netty.channel.DefaultChannelPipeline.fireChannelRead(DefaultChannelPipeline.java:926) [netty-transport-4.1.7.Final.jar:4.1.7.Final]
	at io.netty.channel.nio.AbstractNioByteChannel$NioByteUnsafe.read(AbstractNioByteChannel.java:129) [netty-transport-4.1.7.Final.jar:4.1.7.Final]
	at io.netty.channel.nio.NioEventLoop.processSelectedKey(NioEventLoop.java:642) [netty-transport-4.1.7.Final.jar:4.1.7.Final]
	at io.netty.channel.nio.NioEventLoop.processSelectedKeysPlain(NioEventLoop.java:527) [netty-transport-4.1.7.Final.jar:4.1.7.Final]
	at io.netty.channel.nio.NioEventLoop.processSelectedKeys(NioEventLoop.java:481) [netty-transport-4.1.7.Final.jar:4.1.7.Final]
	at io.netty.channel.nio.NioEventLoop.run(NioEventLoop.java:441) [netty-transport-4.1.7.Final.jar:4.1.7.Final]
	at io.netty.util.concurrent.SingleThreadEventExecutor$5.run(SingleThreadEventExecutor.java:858) [netty-common-4.1.7.Final.jar:4.1.7.Final]
	at java.lang.Thread.run(Thread.java:745) [?:1.8.0_121]
[2017-04-16T21:18:40,155][DEBUG][o.e.a.s.TransportSearchAction] [bpnS1Lg] [bank][4], node[bpnS1LgUS8yxCisZoaSSrA], [P], s[STARTED], a[id=b0IaR4HISvSVqJF_xEtaEA]: Failed to execute [SearchRequest{searchType=QUERY_THEN_FETCH, indices=[bank], indicesOptions=IndicesOptions[id=38, ignore_unavailable=false, allow_no_indices=true, expand_wildcards_open=true, expand_wildcards_closed=false, allow_alisases_to_multiple_indices=true, forbid_closed_indices=true], types=[], routing='null', preference='null', requestCache=null, scroll=null, source={
  "size" : 0,
  "aggregations" : {
    "group_by_state" : {
      "terms" : {
        "field" : "state",
        "size" : 10,
        "min_doc_count" : 1,
        "shard_min_doc_count" : 0,
        "show_term_doc_count_error" : false,
        "order" : [
          {
            "_count" : "desc"
          },
          {
            "_term" : "asc"
          }
        ]
      }
    }
  }
}}] lastShard [true]
org.elasticsearch.transport.RemoteTransportException: [bpnS1Lg][127.0.0.1:9300][indices:data/read/search[phase/query]]
Caused by: java.lang.IllegalArgumentException: Fielddata is disabled on text fields by default. Set fielddata=true on [state] in order to load fielddata in memory by uninverting the inverted index. Note that this can however use significant memory.
	at org.elasticsearch.index.mapper.TextFieldMapper$TextFieldType.fielddataBuilder(TextFieldMapper.java:336) ~[elasticsearch-5.3.0.jar:5.3.0]
	at org.elasticsearch.index.fielddata.IndexFieldDataService.getForField(IndexFieldDataService.java:111) ~[elasticsearch-5.3.0.jar:5.3.0]
	at org.elasticsearch.index.query.QueryShardContext.getForField(QueryShardContext.java:166) ~[elasticsearch-5.3.0.jar:5.3.0]
	at org.elasticsearch.search.aggregations.support.ValuesSourceConfig.resolve(ValuesSourceConfig.java:97) ~[elasticsearch-5.3.0.jar:5.3.0]
	at org.elasticsearch.search.aggregations.support.ValuesSourceAggregationBuilder.resolveConfig(ValuesSourceAggregationBuilder.java:297) ~[elasticsearch-5.3.0.jar:5.3.0]
	at org.elasticsearch.search.aggregations.support.ValuesSourceAggregationBuilder.doBuild(ValuesSourceAggregationBuilder.java:290) ~[elasticsearch-5.3.0.jar:5.3.0]
	at org.elasticsearch.search.aggregations.support.ValuesSourceAggregationBuilder.doBuild(ValuesSourceAggregationBuilder.java:39) ~[elasticsearch-5.3.0.jar:5.3.0]
	at org.elasticsearch.search.aggregations.AbstractAggregationBuilder.build(AbstractAggregationBuilder.java:126) ~[elasticsearch-5.3.0.jar:5.3.0]
	at org.elasticsearch.search.aggregations.AggregatorFactories$Builder.build(AggregatorFactories.java:333) ~[elasticsearch-5.3.0.jar:5.3.0]
	at org.elasticsearch.search.SearchService.parseSource(SearchService.java:637) ~[elasticsearch-5.3.0.jar:5.3.0]
	at org.elasticsearch.search.SearchService.createContext(SearchService.java:468) ~[elasticsearch-5.3.0.jar:5.3.0]
	at org.elasticsearch.search.SearchService.createAndPutContext(SearchService.java:444) ~[elasticsearch-5.3.0.jar:5.3.0]
	at org.elasticsearch.search.SearchService.executeQueryPhase(SearchService.java:252) ~[elasticsearch-5.3.0.jar:5.3.0]
	at org.elasticsearch.action.search.SearchTransportService$6.messageReceived(SearchTransportService.java:331) ~[elasticsearch-5.3.0.jar:5.3.0]
	at org.elasticsearch.action.search.SearchTransportService$6.messageReceived(SearchTransportService.java:328) ~[elasticsearch-5.3.0.jar:5.3.0]
	at org.elasticsearch.transport.RequestHandlerRegistry.processMessageReceived(RequestHandlerRegistry.java:69) ~[elasticsearch-5.3.0.jar:5.3.0]
	at org.elasticsearch.transport.TransportService$7.doRun(TransportService.java:618) [elasticsearch-5.3.0.jar:5.3.0]
	at org.elasticsearch.common.util.concurrent.ThreadContext$ContextPreservingAbstractRunnable.doRun(ThreadContext.java:613) [elasticsearch-5.3.0.jar:5.3.0]
	at org.elasticsearch.common.util.concurrent.AbstractRunnable.run(AbstractRunnable.java:37) [elasticsearch-5.3.0.jar:5.3.0]
	at java.util.concurrent.ThreadPoolExecutor.runWorker(ThreadPoolExecutor.java:1142) [?:1.8.0_121]
	at java.util.concurrent.ThreadPoolExecutor$Worker.run(ThreadPoolExecutor.java:617) [?:1.8.0_121]
	at java.lang.Thread.run(Thread.java:745) [?:1.8.0_121]
[2017-04-16T21:18:40,155][DEBUG][o.e.a.s.TransportSearchAction] [bpnS1Lg] [bank][1], node[bpnS1LgUS8yxCisZoaSSrA], [P], s[STARTED], a[id=EzkylB2rS2uiiksNy1H9Ew]: Failed to execute [SearchRequest{searchType=QUERY_THEN_FETCH, indices=[bank], indicesOptions=IndicesOptions[id=38, ignore_unavailable=false, allow_no_indices=true, expand_wildcards_open=true, expand_wildcards_closed=false, allow_alisases_to_multiple_indices=true, forbid_closed_indices=true], types=[], routing='null', preference='null', requestCache=null, scroll=null, source={
  "size" : 0,
  "aggregations" : {
    "group_by_state" : {
      "terms" : {
        "field" : "state",
        "size" : 10,
        "min_doc_count" : 1,
        "shard_min_doc_count" : 0,
        "show_term_doc_count_error" : false,
        "order" : [
          {
            "_count" : "desc"
          },
          {
            "_term" : "asc"
          }
        ]
      }
    }
  }
}}] lastShard [true]
org.elasticsearch.transport.RemoteTransportException: [bpnS1Lg][127.0.0.1:9300][indices:data/read/search[phase/query]]
Caused by: java.lang.IllegalArgumentException: Fielddata is disabled on text fields by default. Set fielddata=true on [state] in order to load fielddata in memory by uninverting the inverted index. Note that this can however use significant memory.
	at org.elasticsearch.index.mapper.TextFieldMapper$TextFieldType.fielddataBuilder(TextFieldMapper.java:336) ~[elasticsearch-5.3.0.jar:5.3.0]
	at org.elasticsearch.index.fielddata.IndexFieldDataService.getForField(IndexFieldDataService.java:111) ~[elasticsearch-5.3.0.jar:5.3.0]
	at org.elasticsearch.index.query.QueryShardContext.getForField(QueryShardContext.java:166) ~[elasticsearch-5.3.0.jar:5.3.0]
	at org.elasticsearch.search.aggregations.support.ValuesSourceConfig.resolve(ValuesSourceConfig.java:97) ~[elasticsearch-5.3.0.jar:5.3.0]
	at org.elasticsearch.search.aggregations.support.ValuesSourceAggregationBuilder.resolveConfig(ValuesSourceAggregationBuilder.java:297) ~[elasticsearch-5.3.0.jar:5.3.0]
	at org.elasticsearch.search.aggregations.support.ValuesSourceAggregationBuilder.doBuild(ValuesSourceAggregationBuilder.java:290) ~[elasticsearch-5.3.0.jar:5.3.0]
	at org.elasticsearch.search.aggregations.support.ValuesSourceAggregationBuilder.doBuild(ValuesSourceAggregationBuilder.java:39) ~[elasticsearch-5.3.0.jar:5.3.0]
	at org.elasticsearch.search.aggregations.AbstractAggregationBuilder.build(AbstractAggregationBuilder.java:126) ~[elasticsearch-5.3.0.jar:5.3.0]
	at org.elasticsearch.search.aggregations.AggregatorFactories$Builder.build(AggregatorFactories.java:333) ~[elasticsearch-5.3.0.jar:5.3.0]
	at org.elasticsearch.search.SearchService.parseSource(SearchService.java:637) ~[elasticsearch-5.3.0.jar:5.3.0]
	at org.elasticsearch.search.SearchService.createContext(SearchService.java:468) ~[elasticsearch-5.3.0.jar:5.3.0]
	at org.elasticsearch.search.SearchService.createAndPutContext(SearchService.java:444) ~[elasticsearch-5.3.0.jar:5.3.0]
	at org.elasticsearch.search.SearchService.executeQueryPhase(SearchService.java:252) ~[elasticsearch-5.3.0.jar:5.3.0]
	at org.elasticsearch.action.search.SearchTransportService$6.messageReceived(SearchTransportService.java:331) ~[elasticsearch-5.3.0.jar:5.3.0]
	at org.elasticsearch.action.search.SearchTransportService$6.messageReceived(SearchTransportService.java:328) ~[elasticsearch-5.3.0.jar:5.3.0]
	at org.elasticsearch.transport.RequestHandlerRegistry.processMessageReceived(RequestHandlerRegistry.java:69) ~[elasticsearch-5.3.0.jar:5.3.0]
	at org.elasticsearch.transport.TransportService$7.doRun(TransportService.java:618) [elasticsearch-5.3.0.jar:5.3.0]
	at org.elasticsearch.common.util.concurrent.ThreadContext$ContextPreservingAbstractRunnable.doRun(ThreadContext.java:613) [elasticsearch-5.3.0.jar:5.3.0]
	at org.elasticsearch.common.util.concurrent.AbstractRunnable.run(AbstractRunnable.java:37) [elasticsearch-5.3.0.jar:5.3.0]
	at java.util.concurrent.ThreadPoolExecutor.runWorker(ThreadPoolExecutor.java:1142) [?:1.8.0_121]
	at java.util.concurrent.ThreadPoolExecutor$Worker.run(ThreadPoolExecutor.java:617) [?:1.8.0_121]
	at java.lang.Thread.run(Thread.java:745) [?:1.8.0_121]
[2017-04-16T21:18:40,156][DEBUG][o.e.a.s.TransportSearchAction] [bpnS1Lg] [bank][2], node[bpnS1LgUS8yxCisZoaSSrA], [P], s[STARTED], a[id=V2FKAaBoToyYfgjmgIrNVw]: Failed to execute [SearchRequest{searchType=QUERY_THEN_FETCH, indices=[bank], indicesOptions=IndicesOptions[id=38, ignore_unavailable=false, allow_no_indices=true, expand_wildcards_open=true, expand_wildcards_closed=false, allow_alisases_to_multiple_indices=true, forbid_closed_indices=true], types=[], routing='null', preference='null', requestCache=null, scroll=null, source={
  "size" : 0,
  "aggregations" : {
    "group_by_state" : {
      "terms" : {
        "field" : "state",
        "size" : 10,
        "min_doc_count" : 1,
        "shard_min_doc_count" : 0,
        "show_term_doc_count_error" : false,
        "order" : [
          {
            "_count" : "desc"
          },
          {
            "_term" : "asc"
          }
        ]
      }
    }
  }
}}] lastShard [true]
org.elasticsearch.transport.RemoteTransportException: [bpnS1Lg][127.0.0.1:9300][indices:data/read/search[phase/query]]
Caused by: java.lang.IllegalArgumentException: Fielddata is disabled on text fields by default. Set fielddata=true on [state] in order to load fielddata in memory by uninverting the inverted index. Note that this can however use significant memory.
	at org.elasticsearch.index.mapper.TextFieldMapper$TextFieldType.fielddataBuilder(TextFieldMapper.java:336) ~[elasticsearch-5.3.0.jar:5.3.0]
	at org.elasticsearch.index.fielddata.IndexFieldDataService.getForField(IndexFieldDataService.java:111) ~[elasticsearch-5.3.0.jar:5.3.0]
	at org.elasticsearch.index.query.QueryShardContext.getForField(QueryShardContext.java:166) ~[elasticsearch-5.3.0.jar:5.3.0]
	at org.elasticsearch.search.aggregations.support.ValuesSourceConfig.resolve(ValuesSourceConfig.java:97) ~[elasticsearch-5.3.0.jar:5.3.0]
	at org.elasticsearch.search.aggregations.support.ValuesSourceAggregationBuilder.resolveConfig(ValuesSourceAggregationBuilder.java:297) ~[elasticsearch-5.3.0.jar:5.3.0]
	at org.elasticsearch.search.aggregations.support.ValuesSourceAggregationBuilder.doBuild(ValuesSourceAggregationBuilder.java:290) ~[elasticsearch-5.3.0.jar:5.3.0]
	at org.elasticsearch.search.aggregations.support.ValuesSourceAggregationBuilder.doBuild(ValuesSourceAggregationBuilder.java:39) ~[elasticsearch-5.3.0.jar:5.3.0]
	at org.elasticsearch.search.aggregations.AbstractAggregationBuilder.build(AbstractAggregationBuilder.java:126) ~[elasticsearch-5.3.0.jar:5.3.0]
	at org.elasticsearch.search.aggregations.AggregatorFactories$Builder.build(AggregatorFactories.java:333) ~[elasticsearch-5.3.0.jar:5.3.0]
	at org.elasticsearch.search.SearchService.parseSource(SearchService.java:637) ~[elasticsearch-5.3.0.jar:5.3.0]
	at org.elasticsearch.search.SearchService.createContext(SearchService.java:468) ~[elasticsearch-5.3.0.jar:5.3.0]
	at org.elasticsearch.search.SearchService.createAndPutContext(SearchService.java:444) ~[elasticsearch-5.3.0.jar:5.3.0]
	at org.elasticsearch.search.SearchService.executeQueryPhase(SearchService.java:252) ~[elasticsearch-5.3.0.jar:5.3.0]
	at org.elasticsearch.action.search.SearchTransportService$6.messageReceived(SearchTransportService.java:331) ~[elasticsearch-5.3.0.jar:5.3.0]
	at org.elasticsearch.action.search.SearchTransportService$6.messageReceived(SearchTransportService.java:328) ~[elasticsearch-5.3.0.jar:5.3.0]
	at org.elasticsearch.transport.RequestHandlerRegistry.processMessageReceived(RequestHandlerRegistry.java:69) ~[elasticsearch-5.3.0.jar:5.3.0]
	at org.elasticsearch.transport.TransportService$7.doRun(TransportService.java:618) [elasticsearch-5.3.0.jar:5.3.0]
	at org.elasticsearch.common.util.concurrent.ThreadContext$ContextPreservingAbstractRunnable.doRun(ThreadContext.java:613) [elasticsearch-5.3.0.jar:5.3.0]
	at org.elasticsearch.common.util.concurrent.AbstractRunnable.run(AbstractRunnable.java:37) [elasticsearch-5.3.0.jar:5.3.0]
	at java.util.concurrent.ThreadPoolExecutor.runWorker(ThreadPoolExecutor.java:1142) [?:1.8.0_121]
	at java.util.concurrent.ThreadPoolExecutor$Worker.run(ThreadPoolExecutor.java:617) [?:1.8.0_121]
	at java.lang.Thread.run(Thread.java:745) [?:1.8.0_121]
[2017-04-16T21:18:40,155][DEBUG][o.e.a.s.TransportSearchAction] [bpnS1Lg] [bank][3], node[bpnS1LgUS8yxCisZoaSSrA], [P], s[STARTED], a[id=dUrb5W-NS7C0l0Cmg3_2ag]: Failed to execute [SearchRequest{searchType=QUERY_THEN_FETCH, indices=[bank], indicesOptions=IndicesOptions[id=38, ignore_unavailable=false, allow_no_indices=true, expand_wildcards_open=true, expand_wildcards_closed=false, allow_alisases_to_multiple_indices=true, forbid_closed_indices=true], types=[], routing='null', preference='null', requestCache=null, scroll=null, source={
  "size" : 0,
  "aggregations" : {
    "group_by_state" : {
      "terms" : {
        "field" : "state",
        "size" : 10,
        "min_doc_count" : 1,
        "shard_min_doc_count" : 0,
        "show_term_doc_count_error" : false,
        "order" : [
          {
            "_count" : "desc"
          },
          {
            "_term" : "asc"
          }
        ]
      }
    }
  }
}}] lastShard [true]
org.elasticsearch.transport.RemoteTransportException: [bpnS1Lg][127.0.0.1:9300][indices:data/read/search[phase/query]]
Caused by: java.lang.IllegalArgumentException: Fielddata is disabled on text fields by default. Set fielddata=true on [state] in order to load fielddata in memory by uninverting the inverted index. Note that this can however use significant memory.
	at org.elasticsearch.index.mapper.TextFieldMapper$TextFieldType.fielddataBuilder(TextFieldMapper.java:336) ~[elasticsearch-5.3.0.jar:5.3.0]
	at org.elasticsearch.index.fielddata.IndexFieldDataService.getForField(IndexFieldDataService.java:111) ~[elasticsearch-5.3.0.jar:5.3.0]
	at org.elasticsearch.index.query.QueryShardContext.getForField(QueryShardContext.java:166) ~[elasticsearch-5.3.0.jar:5.3.0]
	at org.elasticsearch.search.aggregations.support.ValuesSourceConfig.resolve(ValuesSourceConfig.java:97) ~[elasticsearch-5.3.0.jar:5.3.0]
	at org.elasticsearch.search.aggregations.support.ValuesSourceAggregationBuilder.resolveConfig(ValuesSourceAggregationBuilder.java:297) ~[elasticsearch-5.3.0.jar:5.3.0]
	at org.elasticsearch.search.aggregations.support.ValuesSourceAggregationBuilder.doBuild(ValuesSourceAggregationBuilder.java:290) ~[elasticsearch-5.3.0.jar:5.3.0]
	at org.elasticsearch.search.aggregations.support.ValuesSourceAggregationBuilder.doBuild(ValuesSourceAggregationBuilder.java:39) ~[elasticsearch-5.3.0.jar:5.3.0]
	at org.elasticsearch.search.aggregations.AbstractAggregationBuilder.build(AbstractAggregationBuilder.java:126) ~[elasticsearch-5.3.0.jar:5.3.0]
	at org.elasticsearch.search.aggregations.AggregatorFactories$Builder.build(AggregatorFactories.java:333) ~[elasticsearch-5.3.0.jar:5.3.0]
	at org.elasticsearch.search.SearchService.parseSource(SearchService.java:637) ~[elasticsearch-5.3.0.jar:5.3.0]
	at org.elasticsearch.search.SearchService.createContext(SearchService.java:468) ~[elasticsearch-5.3.0.jar:5.3.0]
	at org.elasticsearch.search.SearchService.createAndPutContext(SearchService.java:444) ~[elasticsearch-5.3.0.jar:5.3.0]
	at org.elasticsearch.search.SearchService.executeQueryPhase(SearchService.java:252) ~[elasticsearch-5.3.0.jar:5.3.0]
	at org.elasticsearch.action.search.SearchTransportService$6.messageReceived(SearchTransportService.java:331) ~[elasticsearch-5.3.0.jar:5.3.0]
	at org.elasticsearch.action.search.SearchTransportService$6.messageReceived(SearchTransportService.java:328) ~[elasticsearch-5.3.0.jar:5.3.0]
	at org.elasticsearch.transport.RequestHandlerRegistry.processMessageReceived(RequestHandlerRegistry.java:69) ~[elasticsearch-5.3.0.jar:5.3.0]
	at org.elasticsearch.transport.TransportService$7.doRun(TransportService.java:618) [elasticsearch-5.3.0.jar:5.3.0]
	at org.elasticsearch.common.util.concurrent.ThreadContext$ContextPreservingAbstractRunnable.doRun(ThreadContext.java:613) [elasticsearch-5.3.0.jar:5.3.0]
	at org.elasticsearch.common.util.concurrent.AbstractRunnable.run(AbstractRunnable.java:37) [elasticsearch-5.3.0.jar:5.3.0]
	at java.util.concurrent.ThreadPoolExecutor.runWorker(ThreadPoolExecutor.java:1142) [?:1.8.0_121]
	at java.util.concurrent.ThreadPoolExecutor$Worker.run(ThreadPoolExecutor.java:617) [?:1.8.0_121]
	at java.lang.Thread.run(Thread.java:745) [?:1.8.0_121]
[2017-04-16T21:18:40,161][DEBUG][o.e.a.s.TransportSearchAction] [bpnS1Lg] [bank][0], node[bpnS1LgUS8yxCisZoaSSrA], [P], s[STARTED], a[id=uiFuQNvdS0m8bBpVDQP43Q]: Failed to execute [SearchRequest{searchType=QUERY_THEN_FETCH, indices=[bank], indicesOptions=IndicesOptions[id=38, ignore_unavailable=false, allow_no_indices=true, expand_wildcards_open=true, expand_wildcards_closed=false, allow_alisases_to_multiple_indices=true, forbid_closed_indices=true], types=[], routing='null', preference='null', requestCache=null, scroll=null, source={
  "size" : 0,
  "aggregations" : {
    "group_by_state" : {
      "terms" : {
        "field" : "state",
        "size" : 10,
        "min_doc_count" : 1,
        "shard_min_doc_count" : 0,
        "show_term_doc_count_error" : false,
        "order" : [
          {
            "_count" : "desc"
          },
          {
            "_term" : "asc"
          }
        ]
      }
    }
  }
}}]
org.elasticsearch.transport.RemoteTransportException: [bpnS1Lg][127.0.0.1:9300][indices:data/read/search[phase/query]]
Caused by: java.lang.IllegalArgumentException: Fielddata is disabled on text fields by default. Set fielddata=true on [state] in order to load fielddata in memory by uninverting the inverted index. Note that this can however use significant memory.
	at org.elasticsearch.index.mapper.TextFieldMapper$TextFieldType.fielddataBuilder(TextFieldMapper.java:336) ~[elasticsearch-5.3.0.jar:5.3.0]
	at org.elasticsearch.index.fielddata.IndexFieldDataService.getForField(IndexFieldDataService.java:111) ~[elasticsearch-5.3.0.jar:5.3.0]
	at org.elasticsearch.index.query.QueryShardContext.getForField(QueryShardContext.java:166) ~[elasticsearch-5.3.0.jar:5.3.0]
	at org.elasticsearch.search.aggregations.support.ValuesSourceConfig.resolve(ValuesSourceConfig.java:97) ~[elasticsearch-5.3.0.jar:5.3.0]
	at org.elasticsearch.search.aggregations.support.ValuesSourceAggregationBuilder.resolveConfig(ValuesSourceAggregationBuilder.java:297) ~[elasticsearch-5.3.0.jar:5.3.0]
	at org.elasticsearch.search.aggregations.support.ValuesSourceAggregationBuilder.doBuild(ValuesSourceAggregationBuilder.java:290) ~[elasticsearch-5.3.0.jar:5.3.0]
	at org.elasticsearch.search.aggregations.support.ValuesSourceAggregationBuilder.doBuild(ValuesSourceAggregationBuilder.java:39) ~[elasticsearch-5.3.0.jar:5.3.0]
	at org.elasticsearch.search.aggregations.AbstractAggregationBuilder.build(AbstractAggregationBuilder.java:126) ~[elasticsearch-5.3.0.jar:5.3.0]
	at org.elasticsearch.search.aggregations.AggregatorFactories$Builder.build(AggregatorFactories.java:333) ~[elasticsearch-5.3.0.jar:5.3.0]
	at org.elasticsearch.search.SearchService.parseSource(SearchService.java:637) ~[elasticsearch-5.3.0.jar:5.3.0]
	at org.elasticsearch.search.SearchService.createContext(SearchService.java:468) ~[elasticsearch-5.3.0.jar:5.3.0]
	at org.elasticsearch.search.SearchService.createAndPutContext(SearchService.java:444) ~[elasticsearch-5.3.0.jar:5.3.0]
	at org.elasticsearch.search.SearchService.executeQueryPhase(SearchService.java:252) ~[elasticsearch-5.3.0.jar:5.3.0]
	at org.elasticsearch.action.search.SearchTransportService$6.messageReceived(SearchTransportService.java:331) ~[elasticsearch-5.3.0.jar:5.3.0]
	at org.elasticsearch.action.search.SearchTransportService$6.messageReceived(SearchTransportService.java:328) ~[elasticsearch-5.3.0.jar:5.3.0]
	at org.elasticsearch.transport.RequestHandlerRegistry.processMessageReceived(RequestHandlerRegistry.java:69) ~[elasticsearch-5.3.0.jar:5.3.0]
	at org.elasticsearch.transport.TransportService$7.doRun(TransportService.java:618) [elasticsearch-5.3.0.jar:5.3.0]
	at org.elasticsearch.common.util.concurrent.ThreadContext$ContextPreservingAbstractRunnable.doRun(ThreadContext.java:613) [elasticsearch-5.3.0.jar:5.3.0]
	at org.elasticsearch.common.util.concurrent.AbstractRunnable.run(AbstractRunnable.java:37) [elasticsearch-5.3.0.jar:5.3.0]
	at java.util.concurrent.ThreadPoolExecutor.runWorker(ThreadPoolExecutor.java:1142) [?:1.8.0_121]
	at java.util.concurrent.ThreadPoolExecutor$Worker.run(ThreadPoolExecutor.java:617) [?:1.8.0_121]
	at java.lang.Thread.run(Thread.java:745) [?:1.8.0_121]
[2017-04-16T21:18:40,167][DEBUG][o.e.a.s.TransportSearchAction] [bpnS1Lg] All shards failed for phase: [query]
org.elasticsearch.transport.RemoteTransportException: [bpnS1Lg][127.0.0.1:9300][indices:data/read/search[phase/query]]
Caused by: java.lang.IllegalArgumentException: Fielddata is disabled on text fields by default. Set fielddata=true on [state] in order to load fielddata in memory by uninverting the inverted index. Note that this can however use significant memory.
	at org.elasticsearch.index.mapper.TextFieldMapper$TextFieldType.fielddataBuilder(TextFieldMapper.java:336) ~[elasticsearch-5.3.0.jar:5.3.0]
	at org.elasticsearch.index.fielddata.IndexFieldDataService.getForField(IndexFieldDataService.java:111) ~[elasticsearch-5.3.0.jar:5.3.0]
	at org.elasticsearch.index.query.QueryShardContext.getForField(QueryShardContext.java:166) ~[elasticsearch-5.3.0.jar:5.3.0]
	at org.elasticsearch.search.aggregations.support.ValuesSourceConfig.resolve(ValuesSourceConfig.java:97) ~[elasticsearch-5.3.0.jar:5.3.0]
	at org.elasticsearch.search.aggregations.support.ValuesSourceAggregationBuilder.resolveConfig(ValuesSourceAggregationBuilder.java:297) ~[elasticsearch-5.3.0.jar:5.3.0]
	at org.elasticsearch.search.aggregations.support.ValuesSourceAggregationBuilder.doBuild(ValuesSourceAggregationBuilder.java:290) ~[elasticsearch-5.3.0.jar:5.3.0]
	at org.elasticsearch.search.aggregations.support.ValuesSourceAggregationBuilder.doBuild(ValuesSourceAggregationBuilder.java:39) ~[elasticsearch-5.3.0.jar:5.3.0]
	at org.elasticsearch.search.aggregations.AbstractAggregationBuilder.build(AbstractAggregationBuilder.java:126) ~[elasticsearch-5.3.0.jar:5.3.0]
	at org.elasticsearch.search.aggregations.AggregatorFactories$Builder.build(AggregatorFactories.java:333) ~[elasticsearch-5.3.0.jar:5.3.0]
	at org.elasticsearch.search.SearchService.parseSource(SearchService.java:637) ~[elasticsearch-5.3.0.jar:5.3.0]
	at org.elasticsearch.search.SearchService.createContext(SearchService.java:468) ~[elasticsearch-5.3.0.jar:5.3.0]
	at org.elasticsearch.search.SearchService.createAndPutContext(SearchService.java:444) ~[elasticsearch-5.3.0.jar:5.3.0]
	at org.elasticsearch.search.SearchService.executeQueryPhase(SearchService.java:252) ~[elasticsearch-5.3.0.jar:5.3.0]
	at org.elasticsearch.action.search.SearchTransportService$6.messageReceived(SearchTransportService.java:331) ~[elasticsearch-5.3.0.jar:5.3.0]
	at org.elasticsearch.action.search.SearchTransportService$6.messageReceived(SearchTransportService.java:328) ~[elasticsearch-5.3.0.jar:5.3.0]
	at org.elasticsearch.transport.RequestHandlerRegistry.processMessageReceived(RequestHandlerRegistry.java:69) ~[elasticsearch-5.3.0.jar:5.3.0]
	at org.elasticsearch.transport.TransportService$7.doRun(TransportService.java:618) [elasticsearch-5.3.0.jar:5.3.0]
	at org.elasticsearch.common.util.concurrent.ThreadContext$ContextPreservingAbstractRunnable.doRun(ThreadContext.java:613) [elasticsearch-5.3.0.jar:5.3.0]
	at org.elasticsearch.common.util.concurrent.AbstractRunnable.run(AbstractRunnable.java:37) [elasticsearch-5.3.0.jar:5.3.0]
	at java.util.concurrent.ThreadPoolExecutor.runWorker(ThreadPoolExecutor.java:1142) [?:1.8.0_121]
	at java.util.concurrent.ThreadPoolExecutor$Worker.run(ThreadPoolExecutor.java:617) [?:1.8.0_121]
	at java.lang.Thread.run(Thread.java:745) [?:1.8.0_121]
[2017-04-16T21:59:24,905][INFO ][o.e.n.Node               ] [bpnS1Lg] stopping ...
[2017-04-16T21:59:24,966][INFO ][o.e.n.Node               ] [bpnS1Lg] stopped
[2017-04-16T21:59:24,966][INFO ][o.e.n.Node               ] [bpnS1Lg] closing ...
[2017-04-16T21:59:24,981][INFO ][o.e.n.Node               ] [bpnS1Lg] closed
